PMIOxC0 = 00000800
PC Engines apu4
coreboot build 20190602
BIOS version v4.9.0.2
Before Reset
D18F0x6C: 000ff800
After Early
D18F0x6C: 580ff800
After Post
D18F0x6C: 580ffe00
4080 MB ECC DRAM

PROGRESS CODE: V03020003 I0
Loading PEIM at 0x00000813EC0 EntryPoint=0x00000814100 CbSupportPeim.efi
PROGRESS CODE: V03020002 I0
0. 0000000000000000 - 0000000000000FFF [10]
1. 0000000000001000 - 000000000009FFFF [01]
2. 00000000000C0000 - 00000000CFEA8FFF [01]
3. 00000000CFEA9000 - 00000000CFFFFFFF [10]
4. 00000000F8000000 - 00000000FBFFFFFF [02]
5. 0000000100000000 - 000000012EFFFFFF [01]
Low memory 0xCFEA9000
SystemLowMemTop 0xD0000000
PeiMemBase: 0xCBEA0000.
PeiMemSize: 0x4000000.
PeiInstallPeiMemory MemoryBegin 0xCBEA0000, MemoryLength 0x4000000
Found one valid fv : 0x3E000000830000.
Install PPI: 49EDB1C1-BF21-4761-BB12-EB0031AABB39
Notify: PPI Guid: 49EDB1C1-BF21-4761-BB12-EB0031AABB39, Peim notify entry point: 807B57
The 1th FV start address is 0x00000830000, size is 0x003E0000, handle is 0x830000
Install PPI: 7408D748-FC8C-4EE6-9288-C4BEC092A410
Actual Coreboot header: CFED0000.
Find CbMemTable Id 0x41435049, base CFEAA000, size 0x24000
Find CbMemTable Id 0x534D4254, base CFEA9000, size 0x800
Detected Acpi Table at 0xCFEAA000, length 0x24000
Detected Smbios Table at 0xCFEA9000, length 0x800
Create system table info guid hob
Find CbMemTable Id 0x41435049, base CFEAA000, size 0x24000
Find Rsdp at CFEAA000
Find Rsdt 0xCFEAA030, Xsdt 0xCFEAA0E0
PmCtrl Reg 0x804
PmTimer Reg 0x818
Reset Reg 0xCF9
Reset Value 0x6
PmEvt Reg 0x800
PmGpeEn Reg 0x814
Create acpi board info guid hob
PROGRESS CODE: V03020003 I0
Temp Stack : BaseAddress=0x88000 Length=0x8000
Temp Heap  : BaseAddress=0x80000 Length=0x8000
Total temporary memory:    65536 bytes.
  temporary memory stack ever used:       32768 bytes.
  temporary memory heap used for HobList: 3728 bytes.
  temporary memory heap occupied by memory pages: 0 bytes.
Memory Allocation 0x00000004 0x800000 - 0xC0FFFF
Memory Allocation 0x0000000B 0xFEC80000 - 0xFECFFFFF
Old Stack size 32768, New stack size 131072
Stack Hob: BaseAddress=0xCBEA0000 Length=0x20000
Heap Offset = 0xCBE40000 Stack Offset = 0xCBE30000
Loading PEIM at 0x000CFE94000 EntryPoint=0x000CFE9C842 PeiCore.efi
Reinstall PPI: 8C8CE578-8A3D-4F1C-9935-896185C32DD3
Reinstall PPI: 5473C07A-3DCB-4DCA-BD6F-1E9689E7349A
Reinstall PPI: B9E0ABFE-5979-4914-977F-6DEE78C278A6
Install PPI: F894643D-C449-42D1-8EA8-85BDD8C65BDE
Loading PEIM at 0x000CFE8F000 EntryPoint=0x000CFE926AB DxeIpl.efi
PROGRESS CODE: V03020002 I0
PROGRESS CODE: V03020003 I0
Install PPI: 1A36E4E7-FAB6-476A-8E75-695A0576FDD7
Install PPI: 0AE8CE5D-E448-4437-A8D7-EBF5F194F731
DXE IPL Entry
Loading PEIM at 0x000CFE66000 EntryPoint=0x000CFE66240 DxeCore.efi
PROGRESS CODE: V03021001 I0
Loading DXE CORE at 0x000CFE66000 EntryPoint=0x000CFE66240
Install PPI: 605EA650-C65C-42E1-BA80-91A52AB618C6
HandOffToDxeCore() Stack Base: 0xCFE46000, Stack Size: 0x20000
PROGRESS CODE: V03040003 I0
Loading driver F80697E9-7FD6-4665-8646-88E33EF71DFC
InstallProtocolInterface: 5B1B31A1-9562-11D2-8E3F-00A0C969723B CFB4C4C0
Loading driver at 0x000CFB34000 EntryPoint=0x000CFB34D0F SecurityStubDxe.efi
InstallProtocolInterface: BC62157E-3E33-4FEC-9920-2D3B36D750DF CFB4C718
ProtectUefiImageCommon - 0xCFB4C4C0
  - 0x00000000CFB34000 - 0x0000000000007440
PROGRESS CODE: V03040002 I0
InstallProtocolInterface: 94AB2F58-1438-4EF1-9152-18941A3A0E68 CFB3ABF8
InstallProtocolInterface: A46423E3-4617-49F1-B9FF-D1BFA9115839 CFB3ABF0
InstallProtocolInterface: 15853D7C-3DDF-43E0-A1CB-EBF85B8F872C CFB3ABD0
PROGRESS CODE: V03040003 I0
Loading driver 1A1E4886-9517-440E-9FDE-3BE44CEE2136
InstallProtocolInterface: 5B1B31A1-9562-11D2-8E3F-00A0C969723B CFB4E940
Loading driver at 0x000CFB18000 EntryPoint=0x000CFB18240 CpuDxe.efi
InstallProtocolInterface: BC62157E-3E33-4FEC-9920-2D3B36D750DF CFB4E318
ProtectUefiImageCommon - 0xCFB4E940
  - 0x00000000CFB18000 - 0x000000000000DD40
PROGRESS CODE: V03040002 I0
CurrentPagingContext:
  MachineType   - 0x8664
  PageTableBase - 0xCFE43000
  Attributes    - 0x40000006
InstallProtocolInterface: 26BACCB1-6F42-11D4-BCE7-0080C73C8881 CFB256C0
MemoryProtectionCpuArchProtocolNotify:
ProtectUefiImageCommon - 0xCFE8AF68
  - 0x00000000CFE66000 - 0x0000000000029000
ProtectUefiImageCommon - 0xCFB520C0
  - 0x00000000CFB44000 - 0x00000000000065C0
ProtectUefiImageCommon - 0xCFB510C0
  - 0x00000000CFD6E000 - 0x0000000000002C00
ProtectUefiImageCommon - 0xCFB4C040
  - 0x00000000CFD6A000 - 0x0000000000003E00
ProtectUefiImageCommon - 0xCFB4C4C0
  - 0x00000000CFB34000 - 0x0000000000007440
ProtectUefiImageCommon - 0xCFB4E940
  - 0x00000000CFB18000 - 0x000000000000DD40
  Flushing GCD
  Flushing GCD
  Flushing GCD
  Flushing GCD
  Flushing GCD
  Flushing GCD
  Flushing GCD
  Flushing GCD
  Flushing GCD
  Flushing GCD
  Flushing GCD
  Flushing GCD
  Flushing GCD
  Flushing GCD
  Flushing GCD
AP Loop Mode is 1
WakeupBufferStart = 9F000, WakeupBufferSize = 21D
APIC MODE is 1
MpInitLib: Find 4 processors in system.
Detect CPU count: 4
Does not find any HOB stored CPU BIST information!
InstallProtocolInterface: 3FDDA605-A76E-4F46-AD29-12F4531B3D08 CFB25660
PROGRESS CODE: V03040003 I0
Loading driver C8339973-A563-4561-B858-D8476F9DEFC4
InstallProtocolInterface: 5B1B31A1-9562-11D2-8E3F-00A0C969723B CFB332C0
Loading driver at 0x000CFB2F000 EntryPoint=0x000CFB2FE99 Metronome.efi
InstallProtocolInterface: BC62157E-3E33-4FEC-9920-2D3B36D750DF CFB4E418
ProtectUefiImageCommon - 0xCFB332C0
  - 0x00000000CFB2F000 - 0x0000000000001A00
PROGRESS CODE: V03040002 I0
InstallProtocolInterface: 26BACCB2-6F42-11D4-BCE7-0080C73C8881 CFB30800
PROGRESS CODE: V03040003 I0
Loading driver B601F8C4-43B7-4784-95B1-F4226CB40CEE
InstallProtocolInterface: 5B1B31A1-9562-11D2-8E3F-00A0C969723B CFB33940
!!!!!!!!  InsertImageRecord - Section Alignment(0x40) is not 4K  !!!!!!!!
!!!!!!!!  Image - /home/edk2/edk2/Build/CorebootPayloadPkgX64/DEBUG_GCC5/X64/MdeModulePkg/Core/RuntimeDxe/RuntimeDxe/DEBUG/RuntimeDxe.dll  !!!!!!!!
Loading driver at 0x000CFD67000 EntryPoint=0x000CFD67C8B RuntimeDxe.efi
InstallProtocolInterface: BC62157E-3E33-4FEC-9920-2D3B36D750DF CFB32018
ProtectUefiImageCommon - 0xCFB33940
  - 0x00000000CFD67000 - 0x00000000000028C0
PROGRESS CODE: V03040002 I0
InstallProtocolInterface: B7DFB4E1-052F-449F-87BE-9818FC91B733 CFD69680
PROGRESS CODE: V03040003 I0
Loading driver 4B28E4C7-FF36-4E10-93CF-A82159E777C5
InstallProtocolInterface: 5B1B31A1-9562-11D2-8E3F-00A0C969723B CFB32840
!!!!!!!!  InsertImageRecord - Section Alignment(0x40) is not 4K  !!!!!!!!
!!!!!!!!  Image - /home/edk2/edk2/Build/CorebootPayloadPkgX64/DEBUG_GCC5/X64/MdeModulePkg/Universal/ResetSystemRuntimeDxe/ResetSystemRuntimeDxe/DEBUG/ResetSystemRuntimeDxe.dll  !!!!!!!!
Loading driver at 0x000CFD64000 EntryPoint=0x000CFD64E11 ResetSystemRuntimeDxe.efi
InstallProtocolInterface: BC62157E-3E33-4FEC-9920-2D3B36D750DF CFB32798
ProtectUefiImageCommon - 0xCFB32840
  - 0x00000000CFD64000 - 0x0000000000002A80
PROGRESS CODE: V03040002 I0
InstallProtocolInterface: 27CFAC88-46CC-11D4-9A38-0090273FC14D 0
InstallProtocolInterface: 9DA34AE0-EAF9-4BBF-8EC3-FD60226C44BE CFD66868
PROGRESS CODE: V03040003 I0
Loading driver 02B01AD5-7E59-43E8-A6D8-238180613A5A
InstallProtocolInterface: 5B1B31A1-9562-11D2-8E3F-00A0C969723B CFB31C40
!!!!!!!!  InsertImageRecord - Section Alignment(0x40) is not 4K  !!!!!!!!
!!!!!!!!  Image - /home/edk2/edk2/Build/CorebootPayloadPkgX64/DEBUG_GCC5/X64/MdeModulePkg/Universal/Variable/EmuRuntimeDxe/EmuVariableRuntimeDxe/DEBUG/EmuVariableRuntimeDxe.dll  !!!!!!!!
Loading driver at 0x000CFD5F000 EntryPoint=0x000CFD5FB44 EmuVariableRuntimeDxe.efi
InstallProtocolInterface: BC62157E-3E33-4FEC-9920-2D3B36D750DF CFB31098
ProtectUefiImageCommon - 0xCFB31C40
  - 0x00000000CFD5F000 - 0x0000000000004880
PROGRESS CODE: V03040002 I0
InstallProtocolInterface: 1E5668E2-8481-11D4-BCF1-0080C73C8881 0
InstallProtocolInterface: 6441F818-6362-4E44-B570-7DBA31DD2453 0
PROGRESS CODE: V03040003 I0
Loading driver A19B1FE7-C1BC-49F8-875F-54A5D542443F
InstallProtocolInterface: 5B1B31A1-9562-11D2-8E3F-00A0C969723B CFB313C0
Loading driver at 0x000CFB2B000 EntryPoint=0x000CFB2C364 CpuIo2Dxe.efi
InstallProtocolInterface: BC62157E-3E33-4FEC-9920-2D3B36D750DF CFB2AF18
ProtectUefiImageCommon - 0xCFB313C0
  - 0x00000000CFB2B000 - 0x0000000000001D40
PROGRESS CODE: V03040002 I0
InstallProtocolInterface: AD61F191-AE5F-4C0E-B9FA-E869D288C64F CFB2CB80
PROGRESS CODE: V03040003 I0
Loading driver 9B680FCE-AD6B-4F3A-B60B-F59899003443
InstallProtocolInterface: 5B1B31A1-9562-11D2-8E3F-00A0C969723B CFB2A840
Loading driver at 0x000CF8FA000 EntryPoint=0x000CF8FB7D4 DevicePathDxe.efi
InstallProtocolInterface: BC62157E-3E33-4FEC-9920-2D3B36D750DF CFB2A118
ProtectUefiImageCommon - 0xCFB2A840
  - 0x00000000CF8FA000 - 0x000000000000C400
PROGRESS CODE: V03040002 I0
InstallProtocolInterface: 0379BE4E-D706-437D-B037-EDB82FB772A4 CF905500
InstallProtocolInterface: 8B843E20-8132-4852-90CC-551A4E4A7F1C CF9054E0
InstallProtocolInterface: 05C99A21-C70F-4AD2-8A5F-35DF3343F51E CF9054C0
PROGRESS CODE: V03040003 I0
Loading driver 96B5C032-DF4C-4B6E-8232-438DCF448D0E
InstallProtocolInterface: 5B1B31A1-9562-11D2-8E3F-00A0C969723B CFB29040
Loading driver at 0x000CFB27000 EntryPoint=0x000CFB27CDD NullMemoryTestDxe.efi
InstallProtocolInterface: BC62157E-3E33-4FEC-9920-2D3B36D750DF CFB29D98
ProtectUefiImageCommon - 0xCFB29040
  - 0x00000000CFB27000 - 0x0000000000001880
PROGRESS CODE: V03040002 I0
InstallProtocolInterface: 309DE7F1-7F5E-4ACE-B49C-531BE5AA95EF CFB28680
PROGRESS CODE: V03040003 I0
Loading driver 79CA4208-BBA1-4A9A-8456-E1E66A81484E
InstallProtocolInterface: 5B1B31A1-9562-11D2-8E3F-00A0C969723B CFB29440
Loading driver at 0x000CF912000 EntryPoint=0x000CF9130A9 Legacy8259.efi
InstallProtocolInterface: BC62157E-3E33-4FEC-9920-2D3B36D750DF CFB29318
ProtectUefiImageCommon - 0xCFB29440
  - 0x00000000CF912000 - 0x0000000000001940
PROGRESS CODE: V03040002 I0
InstallProtocolInterface: 38321DBA-4FE0-4E17-8AEC-413055EAEDC1 CF913760
PROGRESS CODE: V03040003 I0
Loading driver 348C4D62-BFBD-4882-9ECE-C80BB1C4783B
InstallProtocolInterface: 5B1B31A1-9562-11D2-8E3F-00A0C969723B CFB2EB40
Loading driver at 0x000CF8BA000 EntryPoint=0x000CF8BD5F2 HiiDatabase.efi
InstallProtocolInterface: BC62157E-3E33-4FEC-9920-2D3B36D750DF CFB2ED98
ProtectUefiImageCommon - 0xCFB2EB40
  - 0x00000000CF8BA000 - 0x000000000001FA00
PROGRESS CODE: V03040002 I0
InstallProtocolInterface: E9CA4775-8657-47FC-97E7-7ED65A084324 CF8D9608
InstallProtocolInterface: 0FD96974-23AA-4CDC-B9CB-98D17750322A CF8D9680
InstallProtocolInterface: EF9FC172-A1B2-4693-B327-6D32FC416042 CF8D96A8
InstallProtocolInterface: 587E72D7-CC50-4F79-8209-CA291FC1A10F CF8D9700
InstallProtocolInterface: 0A8BADD5-03B8-4D19-B128-7B8F0EDAA596 CF8D9730
InstallProtocolInterface: 31A6406A-6BDF-4E46-B2A2-EBAA89C40920 CF8D9628
InstallProtocolInterface: 1A1241E6-8F19-41A9-BC0E-E8EF39E06546 CF8D9650
PROGRESS CODE: V03040003 I0
Loading driver C68DAA4E-7AB5-41E8-A91D-5954421053F3
InstallProtocolInterface: 5B1B31A1-9562-11D2-8E3F-00A0C969723B CFB2DC40
Loading driver at 0x000CF90C000 EntryPoint=0x000CF90CBBC CbSupportDxe.efi
InstallProtocolInterface: BC62157E-3E33-4FEC-9920-2D3B36D750DF CFB2DB98
ProtectUefiImageCommon - 0xCFB2DC40
  - 0x00000000CF90C000 - 0x0000000000002440
PROGRESS CODE: V03040002 I0
Install Acpi Table at 0xCFEAA000, length 0x24000
Install Smbios Table at 0xCFEA9000, length 0x800
PmCtrlReg at 0x804
PROGRESS CODE: V03040003 I0
Loading driver F9D88642-0737-49BC-81B5-6889CD57D9EA
InstallProtocolInterface: 5B1B31A1-9562-11D2-8E3F-00A0C969723B CFB2D1C0
Loading driver at 0x000CF8F6000 EntryPoint=0x000CF8F749D SmbiosDxe.efi
InstallProtocolInterface: BC62157E-3E33-4FEC-9920-2D3B36D750DF CFB2D898
ProtectUefiImageCommon - 0xCFB2D1C0
  - 0x00000000CF8F6000 - 0x00000000000035C0
PROGRESS CODE: V03040002 I0
InstallProtocolInterface: 03583FF6-CB36-4940-947E-B9B39F4AFAF7 CF8F9470
PROGRESS CODE: V03040003 I0
Loading driver D3987D4B-971A-435F-8CAF-4967EB627241
InstallProtocolInterface: 5B1B31A1-9562-11D2-8E3F-00A0C969723B CFB260C0
Loading driver at 0x000CF909000 EntryPoint=0x000CF90A12B SerialDxe.efi
InstallProtocolInterface: BC62157E-3E33-4FEC-9920-2D3B36D750DF CFB26998
ProtectUefiImageCommon - 0xCFB260C0
  - 0x00000000CF909000 - 0x00000000000026C0
PROGRESS CODE: Vp&Lš0002 I0
InstallProtocolInterface: BB25CF6F-F1D4-11D2-9A0C-0090273FC1FD CF90B420
InstallProtocolInterface: 09576E91-6D3F-11D2-8E39-00A0C969723B CF90B480
PROGRESS CODE: V03040003 I0
Loading driver 6D33944A-EC75-4855-A54D-809C75241F6C
InstallProtocolInterface: 5B1B31A1-9562-11D2-8E3F-00A0C969723B CFB26540
Loading driver at 0x000CF8A2000 EntryPoint=0x000CF8A49D5 BdsDxe.efi
InstallProtocolInterface: BC62157E-3E33-4FEC-9920-2D3B36D750DF CF911F18
ProtectUefiImageCommon - 0xCFB26540
  - 0x00000000CF8A2000 - 0x0000000000017E80
PROGRESS CODE: V03040002 I0
InstallProtocolInterface: 665E3FF6-46CC-11D4-9A38-0090273FC14D CF8B8A28
PROGRESS CODE: V03040003 I0
Loading driver F2765DEC-6B41-11D5-8E71-00902707B35E
InstallProtocolInterface: 5B1B31A1-9562-11D2-8E3F-00A0C969723B CF911840
Loading driver at 0x000CF907000 EntryPoint=0x000CF907D0B Timer.efi
InstallProtocolInterface: BC62157E-3E33-4FEC-9920-2D3B36D750DF CF911198
ProtectUefiImageCommon - 0xCF911840
  - 0x00000000CF907000 - 0x0000000000001800
PROGRESS CODE: V03040002 I0
InstallProtocolInterface: 26BACCB3-6F42-11D4-BCE7-0080C73C8881 CF908600
PROGRESS CODE: V03040003 I0
Loading driver 42857F0A-13F2-4B21-8A23-53D3F714B840
InstallProtocolInterface: 5B1B31A1-9562-11D2-8E3F-00A0C969723B CF910040
!!!!!!!!  InsertImageRecord - Section Alignment(0x40) is not 4K  !!!!!!!!
!!!!!!!!  Image - /home/edk2/edk2/Build/CorebootPayloadPkgX64/DEBUG_GCC5/X64/MdeModulePkg/Universal/CapsuleRuntimeDxe/CapsuleRuntimeDxe/DEBUG/CapsuleRuntimeDxe.dll  !!!!!!!!
Loading driver at 0x000CFD5C000 EntryPoint=0x000CFD5C9A2 CapsuleRuntimeDxe.efi
InstallProtocolInterface: BC62157E-3E33-4FEC-9920-2D3B36D750DF CF911518
ProtectUefiImageCommon - 0xCF910040
  - 0x00000000CFD5C000 - 0x0000000000002BC0
PROGRESS CODE: V03040002 I0
InstallProtocolInterface: 5053697E-2CBC-4819-90D9-0580DEEE5754 0
PROGRESS CODE: V03040003 I0
Loading driver AD608272-D07F-4964-801E-7BD3B7888652
InstallProtocolInterface: 5B1B31A1-9562-11D2-8E3F-00A0C969723B CF9103C0
!!!!!!!!  InsertImageRecord - Section Alignment(0x40) is not 4K  !!!!!!!!
!!!!!!!!  Image - /home/edk2/edk2/Build/CorebootPayloadPkgX64/DEBUG_GCC5/X64/MdeModulePkg/Universal/MonotonicCounterRuntimeDxe/MonotonicCounterRuntimeDxe/DEBUG/MonotonicCounterRuntimeDxe.dll  !!!!!!!!
Loading driver at 0x000CFD5A000 EntryPoint=0x000CFD5ADAE MonotonicCounterRuntimeDxe.efi
InstallProtocolInterface: BC62157E-3E33-4FEC-9920-2D3B36D750DF CF910618
ProtectUefiImageCommon - 0xCF9103C0
  - 0x00000000CFD5A000 - 0x0000000000001C00
PROGRESS CODE: V03040002 I0
InstallProtocolInterface: 1DA97072-BDDC-4B30-99F1-72A0B56FFF2A 0
PROGRESS CODE: V03040003 I0
Loading driver 378D7B65-8DA9-4773-B6E4-A47826A833E1
InstallProtocolInterface: 5B1B31A1-9562-11D2-8E3F-00A0C969723B CF90F140
!!!!!!!!  InsertImageRecord - Section Alignment(0x40) is not 4K  !!!!!!!!
!!!!!!!!  Image - /home/edk2/edk2/Build/CorebootPayloadPkgX64/DEBUG_GCC5/X64/PcAtChipsetPkg/PcatRealTimeClockRuntimeDxe/PcatRealTimeClockRuntimeDxe/DEBUG/PcRtc.dll  !!!!!!!!
Loading driver at 0x000CFD56000 EntryPoint=0x000CFD56AA1 PcRtc.efi
InstallProtocolInterface: BC62157E-3E33-4FEC-9920-2D3B36D750DF CF910898
ProtectUefiImageCommon - 0xCF90F140
  - 0x00000000CFD56000 - 0x0000000000003AC0
PROGRESS CODE: V03040002 I0
InstallProtocolInterface: 27CFAC87-46CC-11D4-9A38-0090273FC14D 0
PROGRESS CODE: V03040003 I0
Loading driver EBF342FE-B1D3-4EF8-957C-8048606FF671
InstallProtocolInterface: 5B1B31A1-9562-11D2-8E3F-00A0C969723B CF8F5CC0
Loading driver at 0x000CF86A000 EntryPoint=0x000CF87AC58 SetupBrowser.efi
InstallProtocolInterface: BC62157E-3E33-4FEC-9920-2D3B36D750DF CF8F5C18
ProtectUefiImageCommon - 0xCF8F5CC0
  - 0x00000000CF86A000 - 0x000000000001B280
PROGRESS CODE: V03040002 I0
InstallProtocolInterface: B9D4C360-BCFB-4F9B-9298-53C136982258 CF884AF0
InstallProtocolInterface: A770C357-B693-4E6D-A6CF-D21C728E550B CF884B20
InstallProtocolInterface: 1F73B18D-4630-43C1-A1DE-6F80855D7DA4 CF884B00
PROGRESS CODE: V03040003 I0
Loading driver 0F7EC77A-1EE1-400F-A99D-7CBD1FEB181E
InstallProtocolInterface: 5B1B31A1-9562-11D2-8E3F-00A0C969723B CF8EE040
Loading driver at 0x000CF8E8000 EntryPoint=0x000CF8E8240 PcatPciRootBridge.efi
InstallProtocolInterface: BC62157E-3E33-4FEC-9920-2D3B36D750DF CF8F5518
ProtectUefiImageCommon - 0xCF8EE040
  - 0x00000000CF8E8000 - 0x0000000000005500
PROGRESS CODE: V03040002 I0
InstallProtocolInterface: 09576E91-6D3F-11D2-8E39-00A0C969723B CF8EEB98
InstallProtocolInterface: 2F707EBB-4A1A-11D4-9A38-0090273FC14D CF8EE2B0
InstallProtocolInterface: AF6AC311-84C3-11D2-8E3C-00A0C969723B CF8EE6A8
PROGRESS CODE: V03040003 I0
Loading driver F099D67F-71AE-4C36-B2A3-DCEB0EB2B7D8
InstallProtocolInterface: 5B1B31A1-9562-11D2-8E3F-00A0C969723B CF865040
Loading driver at 0x000CF863000 EntryPoint=0x000CF863DB2 WatchdogTimer.efi
InstallProtocolInterface: BC62157E-3E33-4FEC-9920-2D3B36D750DF CF8EEF18
ProtectUefiImageCommon - 0xCF865040
  - 0x00000000CF863000 - 0x0000000000001800
PROGRESS CODE: V03040002 I0
InstallProtocolInterface: 665E3FF5-46CC-11D4-9A38-0090273FC14D CF864600
PROGRESS CODE: V03040003 I0
Loading driver E660EA85-058E-4B55-A54B-F02F83A24707
InstallProtocolInterface: 5B1B31A1-9562-11D2-8E3F-00A0C969723B CF865D40
Loading driver at 0x000CF839000 EntryPoint=0x000CF83CDA1 DisplayEngine.efi
InstallProtocolInterface: BC62157E-3E33-4FEC-9920-2D3B36D750DF CF88AC18
ProtectUefiImageCommon - 0xCF865D40
  - 0x00000000CF839000 - 0x00000000000147C0
PROGRESS CODE: V03040002 I0
InstallProtocolInterface: 9BBE29E9-FDA1-41EC-AD52-452213742D2E CF84B2D0
InstallProtocolInterface: 4311EDC0-6054-46D4-9E40-893EA952FCCC CF84B2E8
PROGRESS CODE: V03040003 I0
Loading driver 35C0C168-2607-4E51-BB53-448E3ED1A87F
InstallProtocolInterface: 5B1B31A1-9562-11D2-8E3F-00A0C969723B CF862040
Loading driver at 0x000CF850000 EntryPoint=0x000CF852417 PciBusNoEnumerationDxe.efi
InstallProtocolInterface: BC62157E-3E33-4FEC-9920-2D3B36D750DF CF88DC98
ProtectUefiImageCommon - 0xCF862040
  - 0x00000000CF850000 - 0x0000000000007740
PROGRESS CODE: V03040002 I0
InstallProtocolInterface: 18A031AB-B443-4D1A-A5C0-0C09261E9F71 CF8573E0
InstallProtocolInterface: 107A772C-D5E1-11D4-9A46-0090273FC14D CF857520
InstallProtocolInterface: 6A7A5CFF-E8D9-4F70-BADA-75AB3025CE14 CF857380
PROGRESS CODE: V03040003 I0
Loading driver 51CCF399-4FDF-4E55-A45B-E123F84D456A
InstallProtocolInterface: 5B1B31A1-9562-11D2-8E3F-00A0C969723B CF8623C0
Loading driver at 0x000CF858000 EntryPoint=0x000CF858BA7 ConPlatformDxe.efi
InstallProtocolInterface: BC62157E-3E33-4FEC-9920-2D3B36D750DF CF862B18
ProtectUefiImageCommon - 0xCF8623C0
  - 0x00000000CF858000 - 0x0000000000003DC0
PROGRESS CODE: V03040002 I0
InstallProtocolInterface: 18A031AB-B443-4D1A-A5C0-0C09261E9F71 CF85BA00
InstallProtocolInterface: 107A772C-D5E1-11D4-9A46-0090273FC14D CF85BBA0
InstallProtocolInterface: 6A7A5CFF-E8D9-4F70-BADA-75AB3025CE14 CF85BB80
InstallProtocolInterface: 18A031AB-B443-4D1A-A5C0-0C09261E9F71 CF85B9C0
InstallProtocolInterface: 107A772C-D5E1-11D4-9A46-0090273FC14D CF85BBA0
InstallProtocolInterface: 6A7A5CFF-E8D9-4F70-BADA-75AB3025CE14 CF85BB80
PROGRESS CODE: V03040003 I0
Loading driver 408EDCEC-CF6D-477C-A5A8-B4844E3DE281
InstallProtocolInterface: 5B1B31A1-9562-11D2-8E3F-00A0C969723B CF8610C0
Loading driver at 0x000CF827000 EntryPoint=0x000CF8289CF ConSplitterDxe.efi
InstallProtocolInterface: BC62157E-3E33-4FEC-9920-2D3B36D750DF CF861998
ProtectUefiImageCommon - 0xCF8610C0
  - 0x00000000CF827000 - 0x0000000000008300
PROGRESS CODE: V03040002 I0
InstallProtocolInterface: 18A031AB-B443-4D1A-A5C0-0C09261E9F71 CF82EB80
InstallProtocolInterface: 107A772C-D5E1-11D4-9A46-0090273FC14D CF82EB40
InstallProtocolInterface: 6A7A5CFF-E8D9-4F70-BADA-75AB3025CE14 CF82E8D0
InstallProtocolInterface: 18A031AB-B443-4D1A-A5C0-0C09261E9F71 CF82EC20
InstallProtocolInterface: 107A772C-D5E1-11D4-9A46-0090273FC14D CF82EBE0
InstallProtocolInterface: 6A7A5CFF-E8D9-4F70-BADA-75AB3025CE14 CF82E8B0
InstallProtocolInterface: 18A031AB-B443-4D1A-A5C0-0C09261E9F71 CF82ECC0
InstallProtocolInterface: 107A772C-D5E1-11D4-9A46-0090273FC14D CF82EC80
InstallProtocolInterface: 6A7A5CFF-E8D9-4F70-BADA-75AB3025CE14 CF82E890
InstallProtocolInterface: 18A031AB-B443-4D1A-A5C0-0C09261E9F71 CF82ED60
InstallProtocolInterface: 107A772C-D5E1-11D4-9A46-0090273FC14D CF82ED20
InstallProtocolInterface: 6A7A5CFF-E8D9-4F70-BADA-75AB3025CE14 CF82E870
InstallProtocolInterface: 18A031AB-B443-4D1A-A5C0-0C09261E9F71 CF82EE00
InstallProtocolInterface: 107A772C-D5E1-11D4-9A46-0090273FC14D CF82EDC0
InstallProtocolInterface: 6A7A5CFF-E8D9-4F70-BADA-75AB3025CE14 CF82E850
InstallProtocolInterface: 387477C1-69C7-11D2-8E39-00A0C969723B CF82E970
InstallProtocolInterface: DD9E7534-7762-4698-8C14-F58517A625AA CF82E9A0
InstallProtocolInterface: 31878C87-0B75-11D5-9A4F-0090273FC14D CF82EA00
InstallProtocolInterface: 8D59D32B-C655-4AE9-9B15-F25904992A43 CF82EA58
InstallProtocolInterface: 387477C2-69C7-11D2-8E39-00A0C969723B CF82EFB0
InstallProtocolInterface: 387477C2-69C7-11D2-8E39-00A0C969723B CF82EE70
PROGRESS CODE: V03040003 I0
Loading driver CCCB0C28-4B24-11D5-9A5A-0090273FC14D
InstallProtocolInterface: 5B1B31A1-9562-11D2-8E3F-00A0C969723B CF85D7C0
Loading driver at 0x000CF821000 EntryPoint=0x000CF8219F8 GraphicsConsoleDxe.efi
InstallProtocolInterface: BC62157E-3E33-4FEC-9920-2D3B36D750DF CF85DA18
ProtectUefiImageCommon - 0xCF85D7C0
  - 0x00000000CF821000 - 0x0000000000005A00
PROGRESS CODE: V03040002 I0
InstallProtocolInterface: 18A031AB-B443-4D1A-A5C0-0C09261E9F71 CF8250A0
InstallProtocolInterface: 107A772C-D5E1-11D4-9A46-0090273FC14D CF8267A0
InstallProtocolInterface: 6A7A5CFF-E8D9-4F70-BADA-75AB3025CE14 CF825070
PROGRESS CODE: V03040003 I0
Loading driver 9E863906-A40F-4875-977F-5B93FF237FC6
InstallProtocolInterface: 5B1B31A1-9562-11D2-8E3F-00A0C969723B CF85C8C0
Loading driver at 0x000CF811000 EntryPoint=0x000CF8127A3 TerminalDxe.efi
InstallProtocolInterface: BC62157E-3E33-4FEC-9920-2D3B36D750DF CF85DC18
ProtectUefiImageCommon - 0xCF85C8C0
  - 0x00000000CF811000 - 0x0000000000007C40
PROGRESS CODE: V03040002 I0
InstallProtocolInterface: 18A031AB-B443-4D1A-A5C0-0C09261E9F71 CF818A20
InstallProtocolInterface: 107A772C-D5E1-11D4-9A46-0090273FC14D CF8189E0
InstallProtocolInterface: 6A7A5CFF-E8D9-4F70-BADA-75AB3025CE14 CF818570
PROGRESS CODE: V03040003 I0
Loading driver 6B38F7B4-AD98-40E9-9093-ACA2B5A253C4
InstallProtocolInterface: 5B1B31A1-9562-11D2-8E3F-00A0C969723B CF84F040
Loading driver at 0x000CF81C000 EntryPoint=0x000CF81D302 DiskIoDxe.efi
InstallProtocolInterface: BC62157E-3E33-4FEC-9920-2D3B36D750DF CF85C518
ProtectUefiImageCommon - 0xCF84F040
  - 0x00000000CF81C000 - 0x00000000000046C0
PROGRESS CODE: V03040002 I0
InstallProtocolInterface: 18A031AB-B443-4D1A-A5C0-0C09261E9F71 CF8203E0
InstallProtocolInterface: 107A772C-D5E1-11D4-9A46-0090273FC14D CF820520
InstallProtocolInterface: 6A7A5CFF-E8D9-4F70-BADA-75AB3025CE14 CF8203B0
PROGRESS CODE: V03040003 I0
Loading driver 1FA1F39E-FEFF-4AAE-BD7B-38A070A3B609
InstallProtocolInterface: 5B1B31A1-9562-11D2-8E3F-00A0C969723B CF84FA40
Loading driver at 0x000CF803000 EntryPoint=0x000CF806255 PartitionDxe.efi
InstallProtocolInterface: BC62157E-3E33-4FEC-9920-2D3B36D750DF CF84F418
ProtectUefiImageCommon - 0xCF84FA40
  - 0x00000000CF803000 - 0x00000000000065C0
PROGRESS CODE: V03040002 I0
InstallProtocolInterface: 18A031AB-B443-4D1A-A5C0-0C09261E9F71 CF809380
InstallProtocolInterface: 107A772C-D5E1-11D4-9A46-0090273FC14D CF809300
InstallProtocolInterface: 6A7A5CFF-E8D9-4F70-BADA-75AB3025CE14 CF809360
PROGRESS CODE: V03040003 I0
Loading driver CD3BAFB6-50FB-4FE8-8E4E-AB74D2C1A600
InstallProtocolInterface: 5B1B31A1-9562-11D2-8E3F-00A0C969723B CF84E040
Loading driver at 0x000CF833000 EntryPoint=0x000CF833E73 EnglishDxe.efi
InstallProtocolInterface: BC62157E-3E33-4FEC-9920-2D3B36D750DF CF84ED18
ProtectUefiImageCommon - 0xCF84E040
  - 0x00000000CF833000 - 0x0000000000001B40
PROGRESS CODE: V03040002 I0
InstallProtocolInterface: 1D85CD7F-F43D-11D2-9A0C-0090273FC14D CF834620
InstallProtocolInterface: A4C751FC-23AE-4C3E-92E9-4964CF63F349 CF8345C0
PROGRESS CODE: V03040003 I0
Loading driver 8F4CD826-A5A0-4E93-9522-CFB0AB72926C
InstallProtocolInterface: 5B1B31A1-9562-11D2-8E3F-00A0C969723B CF84E540
Loading driver at 0x000CF819000 EntryPoint=0x000CF81A522 SataController.efi
InstallProtocolInterface: BC62157E-3E33-4FEC-9920-2D3B36D750DF CF84E898
ProtectUefiImageCommon - 0xCF84E540
  - 0x00000000CF819000 - 0x0000000000002A80
PROGRESS CODE: V03040002 I0
InstallProtocolInterface: 18A031AB-B443-4D1A-A5C0-0C09261E9F71 CF81B8A0
InstallProtocolInterface: 107A772C-D5E1-11D4-9A46-0090273FC14D CF81B860
InstallProtocolInterface: 6A7A5CFF-E8D9-4F70-BADA-75AB3025CE14 CF81B7F0
PROGRESS CODE: V03040003 I0
Loading driver 19DF145A-B1D4-453F-8507-38816676D7F6
InstallProtocolInterface: 5B1B31A1-9562-11D2-8E3F-00A0C969723B CF838B40
Loading driver at 0x000CF7FC000 EntryPoint=0x000CF7FCEB5 AtaBusDxe.efi
InstallProtocolInterface: BC62157E-3E33-4FEC-9920-2D3B36D750DF CF838E98
ProtectUefiImageCommon - 0xCF838B40
  - 0x00000000CF7FC000 - 0x0000000000006880
PROGRESS CODE: V03040002 I0
InstallProtocolInterface: 18A031AB-B443-4D1A-A5C0-0C09261E9F71 CF802640
InstallProtocolInterface: 107A772C-D5E1-11D4-9A46-0090273FC14D CF802600
InstallProtocolInterface: 6A7A5CFF-E8D9-4F70-BADA-75AB3025CE14 CF8023C0
PROGRESS CODE: V03040003 I0
Loading driver 5E523CB4-D397-4986-87BD-A6DD8B22F455
InstallProtocolInterface: 5B1B31A1-9562-11D2-8E3F-00A0C969723B CF8381C0
Loading driver at 0x000CF7E8000 EntryPoint=0x000CF7EAB7A AtaAtapiPassThruDxe.efi
InstallProtocolInterface: BC62157E-3E33-4FEC-9920-2D3B36D750DF CF838518
ProtectUefiImageCommon - 0xCF8381C0
  - 0x00000000CF7E8000 - 0x0000000000009E40
PROGRESS CODE: V03040002 I0
InstallProtocolInterface: 18A031AB-B443-4D1A-A5C0-0C09261E9F71 CF7F1C60
InstallProtocolInterface: 107A772C-D5E1-11D4-9A46-0090273FC14D CF7F1C20
InstallProtocolInterface: 6A7A5CFF-E8D9-4F70-BADA-75AB3025CE14 CF7F1930
PROGRESS CODE: V03040003 I0
Loading driver 0167CCC4-D0F7-4F21-A3EF-9E64B7CDCE8B
InstallProtocolInterface: 5B1B31A1-9562-11D2-8E3F-00A0C969723B CF837C40
Loading driver at 0x000CF7F8000 EntryPoint=0x000CF7F8EB8 ScsiBus.efi
InstallProtocolInterface: BC62157E-3E33-4FEC-9920-2D3B36D750DF CF837098
ProtectUefiImageCommon - 0xCF837C40
  - 0x00000000CF7F8000 - 0x0000000000003900
PROGRESS CODE: V03040002 I0
InstallProtocolInterface: 18A031AB-B443-4D1A-A5C0-0C09261E9F71 CF7FB6E0
InstallProtocolInterface: 107A772C-D5E1-11D4-9A46-0090273FC14D CF7FB780
InstallProtocolInterface: 6A7A5CFF-E8D9-4F70-BADA-75AB3025CE14 CF7FB6B0
PROGRESS CODE: V03040003 I0
Loading driver 0A66E322-3740-4CCE-AD62-BD172CECCA35
InstallProtocolInterface: 5B1B31A1-9562-11D2-8E3F-00A0C969723B CF8372C0
Loading driver at 0x000CF7D4000 EntryPoint=0x000CF7D5176 ScsiDisk.efi
InstallProtocolInterface: BC62157E-3E33-4FEC-9920-2D3B36D750DF CF837898
ProtectUefiImageCommon - 0xCF8372C0
  - 0x00000000CF7D4000 - 0x00000000000096C0
PROGRESS CODE: V03040002 I0
InstallProtocolInterface: 18A031AB-B443-4D1A-A5C0-0C09261E9F71 CF7DD500
InstallProtocolInterface: 107A772C-D5E1-11D4-9A46-0090273FC14D CF7DD4C0
InstallProtocolInterface: 6A7A5CFF-E8D9-4F70-BADA-75AB3025CE14 CF7DD430
PROGRESS CODE: V03040003 I0
Loading driver 961578FE-B6B7-44C3-AF35-6BC705CD2B1F
InstallProtocolInterface: 5B1B31A1-9562-11D2-8E3F-00A0C969723B CF832D40
Loading driver at 0x000CF7BE000 EntryPoint=0x000CF7BF151 Fat.efi
InstallProtocolInterface: BC62157E-3E33-4FEC-9920-2D3B36D750DF CF832918
ProtectUefiImageCommon - 0xCF832D40
  - 0x00000000CF7BE000 - 0x000000000000A580
PROGRESS CODE: V03040002 I0
InstallProtocolInterface: 18A031AB-B443-4D1A-A5C0-0C09261E9F71 CF7C83E0
InstallProtocolInterface: 107A772C-D5E1-11D4-9A46-0090273FC14D CF7C83C0
InstallProtocolInterface: 6A7A5CFF-E8D9-4F70-BADA-75AB3025CE14 CF7C81B0
PROGRESS CODE: V03040003 I0
Loading driver 8E325979-3FE1-4927-AAE2-8F5C4BD2AF0D
InstallProtocolInterface: 5B1B31A1-9562-11D2-8E3F-00A0C969723B CF8323C0
Loading driver at 0x000CF7CA000 EntryPoint=0x000CF7D04AD SdMmcPciHcDxe.efi
InstallProtocolInterface: BC62157E-3E33-4FEC-9920-2D3B36D750DF CF832718
ProtectUefiImageCommon - 0xCF8323C0
  - 0x00000000CF7CA000 - 0x0000000000009140
PROGRESS CODE: V03040002 I0
InstallProtocolInterface: 18A031AB-B443-4D1A-A5C0-0C09261E9F71 CF7D2EE0
InstallProtocolInterface: 107A772C-D5E1-11D4-9A46-0090273FC14D CF7D2EA0
InstallProtocolInterface: 6A7A5CFF-E8D9-4F70-BADA-75AB3025CE14 CF7D2FC0
PROGRESS CODE: V03040003 I0
Loading driver 2145F72F-E6F1-4440-A828-59DC9AAB5F89
InstallProtocolInterface: 5B1B31A1-9562-11D2-8E3F-00A0C969723B CF831140
Loading driver at 0x000CF7B5000 EntryPoint=0x000CF7BB31A EmmcDxe.efi
InstallProtocolInterface: BC62157E-3E33-4FEC-9920-2D3B36D750DF CF831C18
ProtectUefiImageCommon - 0xCF831140
  - 0x00000000CF7B5000 - 0x00000000000086C0
PROGRESS CODE: V03040002 I0
InstallProtocolInterface: 18A031AB-B443-4D1A-A5C0-0C09261E9F71 CF7BD4C0
InstallProtocolInterface: 107A772C-D5E1-11D4-9A46-0090273FC14D CF7BD480
InstallProtocolInterface: 6A7A5CFF-E8D9-4F70-BADA-75AB3025CE14 CF7BD580
PROGRESS CODE: V03040003 I0
Loading driver 430AC2F7-EEC6-4093-94F7-9F825A7C1C40
InstallProtocolInterface: 5B1B31A1-9562-11D2-8E3F-00A0C969723B CF831640
Loading driver at 0x000CF7F2000 EntryPoint=0x000CF7F322F SdDxe.efi
InstallProtocolInterface: BC62157E-3E33-4FEC-9920-2D3B36D750DF CF830018
ProtectUefiImageCommon - 0xCF831640
  - 0x00000000CF7F2000 - 0x0000000000005E00
PROGRESS CODE: V03040002 I0
InstallProtocolInterface: 18A031AB-B443-4D1A-A5C0-0C09261E9F71 CF7F7CA0
InstallProtocolInterface: 107A772C-D5E1-11D4-9A46-0090273FC14D CF7F7C60
InstallProtocolInterface: 6A7A5CFF-E8D9-4F70-BADA-75AB3025CE14 CF7F79F0
PROGRESS CODE: V03040003 I0
Loading driver 2FB92EFA-2EE0-4BAE-9EB6-7464125E1EF7
InstallProtocolInterface: 5B1B31A1-9562-11D2-8E3F-00A0C969723B CF830140
Loading driver at 0x000CF7AD000 EntryPoint=0x000CF7B1E6E UhciDxe.efi
InstallProtocolInterface: BC62157E-3E33-4FEC-9920-2D3B36D750DF CF830C18
ProtectUefiImageCommon - 0xCF830140
  - 0x00000000CF7AD000 - 0x0000000000007580
PROGRESS CODE: V03040002 I0
InstallProtocolInterface: 18A031AB-B443-4D1A-A5C0-0C09261E9F71 CF7B43A0
InstallProtocolInterface: 107A772C-D5E1-11D4-9A46-0090273FC14D CF7B4360
InstallProtocolInterface: 6A7A5CFF-E8D9-4F70-BADA-75AB3025CE14 CF7B4300
PROGRESS CODE: V03040003 I0
Loading driver BDFE430E-8F2A-4DB0-9991-6F856594777E
InstallProtocolInterface: 5B1B31A1-9562-11D2-8E3F-00A0C969723B CF8305C0
Loading driver at 0x000CF7A3000 EntryPoint=0x000CF7A497A EhciDxe.efi
InstallProtocolInterface: BC62157E-3E33-4FEC-9920-2D3B36D750DF CF810F98
ProtectUefiImageCommon - 0xCF8305C0
  - 0x00000000CF7A3000 - 0x0000000000009200
PROGRESS CODE: V03040002 I0
InstallProtocolInterface: 18A031AB-B443-4D1A-A5C0-0C09261E9F71 CF7ABFE0
InstallProtocolInterface: 107A772C-D5E1-11D4-9A46-0090273FC14D CF7ABFA0
InstallProtocolInterface: 6A7A5CFF-E8D9-4F70-BADA-75AB3025CE14 CF7AC030
PROGRESS CODE: V03040003 I0
Loading driver B7F50E91-A759-412C-ADE4-DCD03E7F7C28
InstallProtocolInterface: 5B1B31A1-9562-11D2-8E3F-00A0C969723B CF8108C0
Loading driver at 0x000CF787000 EntryPoint=0x000CF7882E2 XhciDxe.efi
InstallProtocolInterface: BC62157E-3E33-4FEC-9920-2D3B36D750DF CF810218
ProtectUefiImageCommon - 0xCF8108C0
  - 0x00000000CF787000 - 0x000000000000D840
PROGRESS CODE: V03040002 I0
InstallProtocolInterface: 18A031AB-B443-4D1A-A5C0-0C09261E9F71 CF7945E0
InstallProtocolInterface: 107A772C-D5E1-11D4-9A46-0090273FC14D CF7945A0
InstallProtocolInterface: 6A7A5CFF-E8D9-4F70-BADA-75AB3025CE14 CF7946F0
PROGRESS CODE: V03040003 I0
Loading driver 240612B7-A063-11D4-9A3A-0090273FC14D
InstallProtocolInterface: 5B1B31A1-9562-11D2-8E3F-00A0C969723B CF80F040
Loading driver at 0x000CF799000 EntryPoint=0x000CF79A219 UsbBusDxe.efi
InstallProtocolInterface: BC62157E-3E33-4FEC-9920-2D3B36D750DF CF810398
ProtectUefiImageCommon - 0xCF80F040
  - 0x00000000CF799000 - 0x0000000000009780
PROGRESS CODE: V03040002 I0
InstallProtocolInterface: 18A031AB-B443-4D1A-A5C0-0C09261E9F71 CF7A2520
InstallProtocolInterface: 107A772C-D5E1-11D4-9A46-0090273FC14D CF7A2400
InstallProtocolInterface: 6A7A5CFF-E8D9-4F70-BADA-75AB3025CE14 CF7A23B0
PROGRESS CODE: V03040003 I0
Loading driver 2D2E62CF-9ECF-43B7-8219-94E7FC713DFE
InstallProtocolInterface: 5B1B31A1-9562-11D2-8E3F-00A0C969723B CF80FA40
Loading driver at 0x000CF780000 EntryPoint=0x000CF780D6C UsbKbDxe.efi
InstallProtocolInterface: BC62157E-3E33-4FEC-9920-2D3B36D750DF CF80F898
ProtectUefiImageCommon - 0xCF80FA40
  - 0x00000000CF780000 - 0x00000000000067C0
PROGRESS CODE: V03040002 I0
InstallProtocolInterface: 18A031AB-B443-4D1A-A5C0-0C09261E9F71 CF7865C0
InstallProtocolInterface: 107A772C-D5E1-11D4-9A46-0090273FC14D CF786580
InstallProtocolInterface: 6A7A5CFF-E8D9-4F70-BADA-75AB3025CE14 CF786500
PROGRESS CODE: V03040003 I0
Loading driver 9FB4B4A7-42C0-4BCD-8540-9BCC6711F83E
InstallProtocolInterface: 5B1B31A1-9562-11D2-8E3F-00A0C969723B CF80E040
Loading driver at 0x000CF77A000 EntryPoint=0x000CF77DA41 UsbMassStorageDxe.efi
InstallProtocolInterface: BC62157E-3E33-4FEC-9920-2D3B36D750DF CF80ED18
ProtectUefiImageCommon - 0xCF80E040
  - 0x00000000CF77A000 - 0x0000000000005C80
PROGRESS CODE: V03040002 I0
InstallProtocolInterface: 18A031AB-B443-4D1A-A5C0-0C09261E9F71 CF77FAA0
InstallProtocolInterface: 107A772C-D5E1-11D4-9A46-0090273FC14D CF77F8E0
InstallProtocolInterface: 6A7A5CFF-E8D9-4F70-BADA-75AB3025CE14 CF77FA80
PROGRESS CODE: V03040003 I0
Loading driver 4ACA697E-F883-446F-98F7-096416FFFFFF
InstallProtocolInterface: 5B1B31A1-9562-11D2-8E3F-00A0C969723B CF80E440
Loading driver at 0x000CF772000 EntryPoint=0x000CF7734AA OhciDxe.efi
InstallProtocolInterface: BC62157E-3E33-4FEC-9920-2D3B36D750DF CF80E318
ProtectUefiImageCommon - 0xCF80E440
  - 0x00000000CF772000 - 0x0000000000007FC0
PROGRESS CODE: V03040002 I0
InstallProtocolInterface: 18A031AB-B443-4D1A-A5C0-0C09261E9F71 CF779E00
InstallProtocolInterface: 107A772C-D5E1-11D4-9A46-0090273FC14D CF779DC0
InstallProtocolInterface: 6A7A5CFF-E8D9-4F70-BADA-75AB3025CE14 CF779D70
PROGRESS CODE: V03040003 I0
Loading driver 0B04B2ED-861C-42CD-A22F-C3AAFACCB896
InstallProtocolInterface: 5B1B31A1-9562-11D2-8E3F-00A0C969723B CF7E7040
Loading driver at 0x000CF7E3000 EntryPoint=0x000CF7E3E94 FbGop.efi
InstallProtocolInterface: BC62157E-3E33-4FEC-9920-2D3B36D750DF CF7E7D98
ProtectUefiImageCommon - 0xCF7E7040
  - 0x00000000CF7E3000 - 0x0000000000003E40
PROGRESS CODE: V03040002 I0
No FrameBuffer information from coreboot.  NO GOP driver !!!
Error: Image at 000CF7E3000 start failed: Aborted
PROGRESS CODE: V03040003 I0
PROGRESS CODE: V03041001 I0
[Bds] Entry...
[BdsDxe] Locate Variable Lock protocol - Not Found
Variable Driver Auto Update Lang, Lang:eng, PlatformLang:en
PROGRESS CODE: V03051005 I0
InstallProtocolInterface: 09576E91-6D3F-11D2-8E39-00A0C969723B CF7E7B18
InstallProtocolInterface: 4CF5B200-68B8-4CA5-9EEC-B23E3F50029A CF7E7428
InstallProtocolInterface: 09576E91-6D3F-11D2-8E39-00A0C969723B CF7E7F18
InstallProtocolInterface: 4CF5B200-68B8-4CA5-9EEC-B23E3F50029A CF80D028
InstallProtocolInterface: 09576E91-6D3F-11D2-8E39-00A0C969723B CFB52E18
InstallProtocolInterface: 4CF5B200-68B8-4CA5-9EEC-B23E3F50029A CF80DD28
InstallProtocolInterface: 09576E91-6D3F-11D2-8E39-00A0C969723B CFB52E98
InstallProtocolInterface: 4CF5B200-68B8-4CA5-9EEC-B23E3F50029A CF80D2A8
PciExp - 1 (B-0, D-2, F-1)
InstallProtocolInterface: 09576E91-6D3F-11D2-8E39-00A0C969723B CF7E7198
InstallProtocolInterface: 4CF5B200-68B8-4CA5-9EEC-B23E3F50029A CF80D528
PciExp - 1 (B-1, D-0, F-0)
InstallProtocolInterface: 09576E91-6D3F-11D2-8E39-00A0C969723B CF7E7218
InstallProtocolInterface: 4CF5B200-68B8-4CA5-9EEC-B23E3F50029A CF80D7A8
PciExp - 1 (B-0, D-2, F-2)
InstallProtocolInterface: 09576E91-6D3F-11D2-8E39-00A0C969723B CF80DF98
InstallProtocolInterface: 4CF5B200-68B8-4CA5-9EEC-B23E3F50029A CF80C028
PciExp - 1 (B-2, D-0, F-0)
InstallProtocolInterface: 09576E91-6D3F-11D2-8E39-00A0C969723B CF80DA18
InstallProtocolInterface: 4CF5B200-68B8-4CA5-9EEC-B23E3F50029A CF80CD28
PciExp - 1 (B-0, D-2, F-3)
InstallProtocolInterface: 09576E91-6D3F-11D2-8E39-00A0C969723B CF80DA98
InstallProtocolInterface: 4CF5B200-68B8-4CA5-9EEC-B23E3F50029A CF80C2A8
PciExp - 1 (B-3, D-0, F-0)
InstallProtocolInterface: 09576E91-6D3F-11D2-8E39-00A0C969723B CF80DB18
InstallProtocolInterface: 4CF5B200-68B8-4CA5-9EEC-B23E3F50029A CF80C528
PciExp - 1 (B-0, D-2, F-4)
InstallProtocolInterface: 09576E91-6D3F-11D2-8E39-00A0C969723B CF80CA18
InstallProtocolInterface: 4CF5B200-68B8-4CA5-9EEC-B23E3F50029A CF80C7A8
PciExp - 1 (B-4, D-0, F-0)
InstallProtocolInterface: 09576E91-6D3F-11D2-8E39-00A0C969723B CF80CF98
InstallProtocolInterface: 4CF5B200-68B8-4CA5-9EEC-B23E3F50029A CF80B028
PciExp - 1 (B-0, D-2, F-5)
InstallProtocolInterface: 09576E91-6D3F-11D2-8E39-00A0C969723B CF80CA98
InstallProtocolInterface: 4CF5B200-68B8-4CA5-9EEC-B23E3F50029A CF80BD28
PciExp - 1 (B-5, D-0, F-0)
InstallProtocolInterface: 09576E91-6D3F-11D2-8E39-00A0C969723B CF80CB18
InstallProtocolInterface: 4CF5B200-68B8-4CA5-9EEC-B23E3F50029A CF80B2A8
InstallProtocolInterface: 09576E91-6D3F-11D2-8E39-00A0C969723B CF80BB98
InstallProtocolInterface: 4CF5B200-68B8-4CA5-9EEC-B23E3F50029A CF80B528
PciExp - 1 (B-0, D-10, F-0)
InstallProtocolInterface: 09576E91-6D3F-11D2-8E39-00A0C969723B CF80BC18
InstallProtocolInterface: 4CF5B200-68B8-4CA5-9EEC-B23E3F50029A CF80B7A8
InstallProtocolInterface: 09576E91-6D3F-11D2-8E39-00A0C969723B CF80BF98
InstallProtocolInterface: 4CF5B200-68B8-4CA5-9EEC-B23E3F50029A CF80A028
InstallProtocolInterface: 09576E91-6D3F-11D2-8E39-00A0C969723B CF80BC98
InstallProtocolInterface: 4CF5B200-68B8-4CA5-9EEC-B23E3F50029A CF80AD28
InstallProtocolInterface: 09576E91-6D3F-11D2-8E39-00A0C969723B CF80AB98
InstallProtocolInterface: 4CF5B200-68B8-4CA5-9EEC-B23E3F50029A CF80A2A8
InstallProtocolInterface: 09576E91-6D3F-11D2-8E39-00A0C969723B CF80AC18
InstallProtocolInterface: 4CF5B200-68B8-4CA5-9EEC-B23E3F50029A CF80A528
InstallProtocolInterface: 09576E91-6D3F-11D2-8E39-00A0C969723B CF80AC98
InstallProtocolInterface: 4CF5B200-68B8-4CA5-9EEC-B23E3F50029A CF80A7A8
InstallProtocolInterface: 09576E91-6D3F-11D2-8E39-00A0C969723B CF80AF98
InstallProtocolInterface: 4CF5B200-68B8-4CA5-9EEC-B23E3F50029A CF7E6028
InstallProtocolInterface: 09576E91-6D3F-11D2-8E39-00A0C969723B CF80AA18
InstallProtocolInterface: 4CF5B200-68B8-4CA5-9EEC-B23E3F50029A CF7E6D28
InstallProtocolInterface: 09576E91-6D3F-11D2-8E39-00A0C969723B CF80AA98
InstallProtocolInterface: 4CF5B200-68B8-4CA5-9EEC-B23E3F50029A CF7E62A8
InstallProtocolInterface: 09576E91-6D3F-11D2-8E39-00A0C969723B CF80AB18
InstallProtocolInterface: 4CF5B200-68B8-4CA5-9EEC-B23E3F50029A CF7E6528
InstallProtocolInterface: 09576E91-6D3F-11D2-8E39-00A0C969723B CF7E6A18
InstallProtocolInterface: 4CF5B200-68B8-4CA5-9EEC-B23E3F50029A CF7E67A8
InstallProtocolInterface: 09576E91-6D3F-11D2-8E39-00A0C969723B CF7E6F98
InstallProtocolInterface: 4CF5B200-68B8-4CA5-9EEC-B23E3F50029A CF7E5028
Found LPC Bridge device
InstallReadyToLock  entering......
All EndOfDxe callbacks have returned successfully
InstallReadyToLock  end
[Bds]RegisterKeyNotify: 000C/0000 80000000/00 Success
[Bds]RegisterKeyNotify: 0002/0000 80000000/00 Success
[Bds]RegisterKeyNotify: 0000/000D 80000000/00 Success
Terminal - Mode 0, Column = 80, Row = 25
Terminal - Mode 1, Column = 80, Row = 50
Terminal - Mode 2, Column = 100, Row = 31
3hPROGRESS CODE: V01040001 I0
InstallProtocolInterface: 387477C1-69C7-11D2-8E39-00A0C969723B CF7DF040
InstallProtocolInterface: DD9E7534-7762-4698-8C14-F58517A625AA CF7DF128
InstallProtocolInterface: 387477C2-69C7-11D2-8E39-00A0C969723B CF7DF058
InstallProtocolInterface: 09576E91-6D3F-11D2-8E39-00A0C969723B CF7DFF18
InstallProtocolInterface: D3B36F2C-D551-11D4-9A46-0090273FC14D 0
InstallProtocolInterface: D3B36F2D-D551-11D4-9A46-0090273FC14D 0
3h3hInstallProtocolInterface: D3B36F2B-D551-11D4-9A46-0090273FC14D 0
XhcCreateUsb3Hc: Capability length 0x20
XhcCreateUsb3Hc: HcSParams1 0x4000820
XhcCreateUsb3Hc: HcSParams2 0x11
XhcCreateUsb3Hc: HcCParams 0x14040C3
XhcCreateUsb3Hc: DBOff 0x800
XhcCreateUsb3Hc: RTSOff 0x600
XhcCreateUsb3Hc: UsbLegSupOffset 0x0
XhcCreateUsb3Hc: DebugCapSupOffset 0x40
XhcSetBiosOwnership: called to set BIOS ownership
XhcResetHC!
XhcInitSched:DCBAA=0xCF721000
XhcInitSched: Created CMD ring [CF721140~CF722140) EVENT ring [CF722140~CF724140)
InstallProtocolInterface: 3E745226-9818-45B6-A2AC-D7CD0E8BA2BC CF731038
XhcDriverBindingStart: XHCI started for controller @ CF7E4298
PROGRESS CODE: V02020000 I0
PROGRESS CODE: V02020004 I0
InstallProtocolInterface: 240612B7-A063-11D4-9A3A-0090273FC14D CF7200A0
PROGRESS CODE: V02020003 I0
XhcGetCapability: 4 ports, 64 bit 1
UsbRootHubInit: root hub CF71FD18 - max speed 3, 4 ports
XhcClearRootHubPortFeature: status Success
UsbEnumeratePort: port 2 state - 01, change - 01 on CF71FD18
UsbEnumeratePort: Device Connect/Disconnect Normally
UsbEnumeratePort: new device connected at port 2
XhcUsbPortReset!
XhcSetRootHubPortFeature: status Success
XhcClearRootHubPortFeature: status Success
XhcClearRootHubPortFeature: status Success
XhcClearRootHubPortFeature: status Success
XhcSetRootHubPortFeature: status Success
UsbEnumerateNewDev: hub port 2 is reset
UsbEnumerateNewDev: No device present at port 2
XhcClearRootHubPortFeature: status Success
UsbEnumeratePort: port 3 state - 01, change - 01 on CF71FD18
UsbEnumeratePort: Device Connect/Disconnect Normally
UsbEnumeratePort: new device connected at port 3
XhcUsbPortReset!
XhcSetRootHubPortFeature: status Success
XhcClearRootHubPortFeature: status Success
XhcClearRootHubPortFeature: status Success
Enable Slot Successfully, The Slot ID = 0x1
    Address 1 assigned successfully
UsbEnumerateNewDev: hub port 3 is reset
UsbEnumerateNewDev: device is of 2 speed
UsbEnumerateNewDev: device uses translator (0, 0)
UsbEnumerateNewDev: device is now ADDRESSED at 1
UsbEnumerateNewDev: max packet size for EP 0 is 64
Evaluate context
UsbBuildDescTable: device has 1 configures
UsbGetOneConfig: total length is 32
UsbParseConfigDesc: config 1 has 1 interfaces
UsbParseInterfaceDesc: interface 0(setting 0) has 2 endpoints
Endpoint[81]: Created BULK ring [CF7259C0~CF7269C0)
Endpoint[2]: Created BULK ring [CF7269C0~CF7279C0)
Configure Endpoint
UsbEnumerateNewDev: device 1 is now in CONFIGED state
UsbSelectConfig: config 1 selected for device 1
UsbSelectSetting: setting 0 selected for interface 0
InstallProtocolInterface: 09576E91-6D3F-11D2-8E39-00A0C969723B CF71EF98
InstallProtocolInterface: 2B2F68D6-0CD2-44CF-8E8B-BBA20B1B5B75 CF71F4C0
UsbConnectDriver: TPL before connect is 8, CF71F598
InstallProtocolInterface: 964E5B21-6459-11D2-8E39-00A0C969723B CF71DDB8
InstallProtocolInterface: D432A67F-14DC-484B-B3BB-3F0291849327 CF71DE30
InstallProtocolInterface: CE345171-BA0B-11D2-8E4F-00A0C969723B CF71D1A0
 BlockSize : 512 
 LastBlock : 1CA3FFF 
InstallProtocolInterface: 09576E91-6D3F-11D2-8E39-00A0C969723B CF71D718
InstallProtocolInterface: 964E5B21-6459-11D2-8E39-00A0C969723B CF71D3B0
InstallProtocolInterface: 8CF2F62C-BC9B-4821-808D-EC9EC421A1A0 CF71D468
InstallProtocolInterface: 09576E91-6D3F-11D2-8E39-00A0C969723B CF71D818
InstallProtocolInterface: 964E5B21-6459-11D2-8E39-00A0C969723B CF714AB0
InstallProtocolInterface: 8CF2F62C-BC9B-4821-808D-EC9EC421A1A0 CF714B68
InstallProtocolInterface: CE345171-BA0B-11D2-8E4F-00A0C969723B CF7148A0
 BlockSize : 512 
 LastBlock : F 
InstallProtocolInterface: CE345171-BA0B-11D2-8E4F-00A0C969723B CF7143A0
 BlockSize : 512 
 LastBlock : 48FF 
InstallProtocolInterface: 964E5B22-6459-11D2-8E39-00A0C969723B CF702030
Installed Fat filesystem on CF714D18
UsbConnectDriver: TPL after connect is 8
PROGRESS CODE: V02020006 I0
UsbBusStart: usb bus started on CF7E4298, root hub CF71FD18
 BlockSize : 512 
 LastBlock : 1CA3FFF 
InstallProtocolInterface: 09576E91-6D3F-11D2-8E39-00A0C969723B CF746D18
InstallProtocolInterface: 964E5B21-6459-11D2-8E39-00A0C969723B CF70B2B0
InstallProtocolInterface: 8CF2F62C-BC9B-4821-808D-EC9EC421A1A0 CF70B368
InstallProtocolInterface: C12A7328-F81F-11D2-BA4B-00A0C93EC93B 0
 BlockSize : 512 
 LastBlock : F 
InstallProtocolInterface: CE345171-BA0B-11D2-8E4F-00A0C969723B CF70B0A0
 BlockSize : 512 
 LastBlock : 123F 
InstallProtocolInterface: 964E5B22-6459-11D2-8E39-00A0C969723B CF676030
Installed Fat filesystem on CF70B198
SataControllerStart START
InstallProtocolInterface: A1E37052-80D9-4E65-A317-3E9A55C43EC9 CF70B520
SataControllerStart END status = Success
==AtaAtapiPassThru Start== Controller = CF7E4498
port [0] port mulitplier [0] has a [harddisk]
Enabled S.M.A.R.T feature at port [0] PortMultiplier [0]!
CalculateBestPioMode: AdvancedPioMode = 3
IdeInitCalculateMode: PioMode = 4
CalculateBestUdmaMode: DeviceUDmaMode = 7F
IdeInitCalculateMode: UdmaMode = 5
PROGRESS CODE: V01070004 I0
InstallProtocolInterface: 1D3DE7F0-0807-424F-AA69-11A54E19A46F CF5F2C40
InstallProtocolInterface: 143B7632-B81B-4CB7-ABD3-B625A5B9BFFE CF5F2C90
PROGRESS CODE: V02080000 I0
InstallProtocolInterface: 19DF145A-B1D4-453F-8507-38816676D7F6 CF4C6118
PROGRESS CODE: V02080003 I0
PROGRESS CODE: V02080004 I0
AtaBus - Identify Device: Port 0 PortMultiplierPort FFFF
InstallProtocolInterface: 09576E91-6D3F-11D2-8E39-00A0C969723B CF4C6198
InstallProtocolInterface: 964E5B21-6459-11D2-8E39-00A0C969723B CF4C62A8
InstallProtocolInterface: A77B2472-E282-4E9F-A245-C2C0E27BBCC1 CF4C62D8
InstallProtocolInterface: D432A67F-14DC-484B-B3BB-3F0291849327 CF4C6330
PROGRESS CODE: V02070000 I0
InstallProtocolInterface: 0167CCC4-D0F7-4F21-A3EF-9E64B7CDCE8B CF4C3FA0
PROGRESS CODE: V02070003 I0
InstallProtocolInterface: CE345171-BA0B-11D2-8E4F-00A0C969723B CF4C3CA0
InstallProtocolInterface: 151C8EAE-7F2C-472C-9E54-9828194F6A88 CF4C3CB8
 BlockSize : 512 
 LastBlock : 1DD40AF 
InstallProtocolInterface: 09576E91-6D3F-11D2-8E39-00A0C969723B CF4C3718
InstallProtocolInterface: 964E5B21-6459-11D2-8E39-00A0C969723B CF4BA030
InstallProtocolInterface: A77B2472-E282-4E9F-A245-C2C0E27BBCC1 CF4BA060
InstallProtocolInterface: 8CF2F62C-BC9B-4821-808D-EC9EC421A1A0 CF4BA0E8
InstallProtocolInterface: CE345171-BA0B-11D2-8E4F-00A0C969723B CF4C30A0
InstallProtocolInterface: 151C8EAE-7F2C-472C-9E54-9828194F6A88 CF4C30B8
 BlockSize : 512 
 LastBlock : 1DD0718 
EhcCreateUsb2Hc: capability length 32
InstallProtocolInterface: 3E745226-9818-45B6-A2AC-D7CD0E8BA2BC CF4C32A0
EhcDriverBindingStart: EHCI started for controller @ CF7E3F98
PROGRESS CODE: V02020000 I0
PROGRESS CODE: V02020004 I0
InstallProtocolInterface: 240612B7-A063-11D4-9A3A-0090273FC14D CF49D0A0
PROGRESS CODE: V02020003 I0
EhcGetCapability: 2 ports, 64 bit 0
UsbRootHubInit: root hub CF49CC98 - max speed 2, 2 ports
UsbEnumeratePort: port 0 state - 101, change - 01 on CF49CC98
UsbEnumeratePort: Device Connect/Disconnect Normally
UsbEnumeratePort: new device connected at port 0
EhcSetRootHubPortFeature: exit status Success
EhcClearRootHubPortFeature: exit status Success
UsbEnumerateNewDev: hub port 0 is reset
UsbEnumerateNewDev: device is of 2 speed
UsbEnumerateNewDev: device uses translator (0, 0)
UsbEnumerateNewDev: device is now ADDRESSED at 1
UsbEnumerateNewDev: max packet size for EP 0 is 64
UsbBuildDescTable: device has 1 configures
UsbGetOneConfig: total length is 25
UsbParseConfigDesc: config 1 has 1 interfaces
UsbParseInterfaceDesc: interface 0(setting 0) has 1 endpoints
EhcExecTransfer: transfer failed with 2
EhcControlTransfer: error - Device Error, transfer - 2
UsbBuildDescTable: get language ID table Unsupported
UsbEnumerateNewDev: device 1 is now in CONFIGED state
UsbSelectConfig: config 1 selected for device 1
UsbSelectSetting: setting 0 selected for interface 0
InstallProtocolInterface: 09576E91-6D3F-11D2-8E39-00A0C969723B CF49C018
InstallProtocolInterface: 2B2F68D6-0CD2-44CF-8E8B-BBA20B1B5B75 CF49BEC0
UsbConnectDriver: found a hub device
UsbHubInit: hub 1 has 4 ports
UsbHubInit: hub 1 initialized
PROGRESS CODE: V02020006 I0
EhcClearRootHubPortFeature: exit status Success
UsbBusStart: usb bus started on CF7E3F98, root hub CF49CC98
EhcCreateUsb2Hc: capability length 32
InstallProtocolInterface: 3E745226-9818-45B6-A2AC-D7CD0E8BA2BC CF49C2A0
EhcDriverBindingStart: EHCI started for controller @ CF7E3C18
PROGRESS CODE: V02020000 I0
PROGRESS CODE: V02020004 I0
InstallProtocolInterface: 240612B7-A063-11D4-9A3A-0090273FC14D CF485020
PROGRESS CODE: V02020003 I0
EhcGetCapability: 2 ports, 64 bit 0
UsbRootHubInit: root hub CF485C18 - max speed 2, 2 ports
UsbEnumeratePort: port 0 state - 101, change - 01 on CF485C18
UsbEnumeratePort: Device Connect/Disconnect Normally
UsbEnumeratePort: new device connected at port 0
EhcSetRootHubPortFeature: exit status Success
EhcClearRootHubPortFeature: exit status Success
UsbEnumerateNewDev: hub port 0 is reset
UsbEnumerateNewDev: device is of 2 speed
UsbEnumerateNewDev: device uses translator (0, 0)
UsbEnumerateNewDev: device is now ADDRESSED at 1
UsbEnumerateNewDev: max packet size for EP 0 is 64
UsbBuildDescTable: device has 1 configures
UsbGetOneConfig: total length is 25
UsbParseConfigDesc: config 1 has 1 interfaces
UsbParseInterfaceDesc: interface 0(setting 0) has 1 endpoints
EhcExecTransfer: transfer failed with 2
EhcControlTransfer: error - Device Error, transfer - 2
UsbBuildDescTable: get language ID table Unsupported
UsbEnumerateNewDev: device 1 is now in CONFIGED state
UsbSelectConfig: config 1 selected for device 1
UsbSelectSetting: setting 0 selected for interface 0
InstallProtocolInterface: 09576E91-6D3F-11D2-8E39-00A0C969723B CF499918
InstallProtocolInterface: 2B2F68D6-0CD2-44CF-8E8B-BBA20B1B5B75 CF484EC0
UsbConnectDriver: found a hub device
UsbHubInit: hub 1 has 4 ports
UsbHubInit: hub 1 initialized
PROGRESS CODE: V02020006 I0
EhcClearRootHubPortFeature: exit status Success
UsbBusStart: usb bus started on CF7E3C18, root hub CF485C18
SdMmcPciHcDriverBindingStart: Start
 == Slot [0] Capability is 0xCF483CF0 ==
   Timeout Clk Freq  50MHz
   Base Clk Freq     50MHz
   Max Blk Len       2048bytes
   8-bit Support     TRUE
   ADMA2 Support     TRUE
   HighSpeed Support TRUE
   SDMA Support      TRUE
   Suspend/Resume    TRUE
   Voltage 3.3       TRUE
   Voltage 3.0       FALSE
   Voltage 1.8       FALSE
   64-bit Sys Bus    TRUE
   Async Interrupt   TRUE
   SlotType          Removable Slot
   SDR50  Support    FALSE
   SDR104 Support    FALSE
   DDR50  Support    FALSE
   Driver Type A     TRUE
   Driver Type C     TRUE
   Driver Type D     TRUE
   Driver Type 4     FALSE
   Retuning TimerCnt Disabled
   SDR50 Tuning      FALSE
   Retuning Mode     Mode 1
   Clock Multiplier  M = 1
   HS 400            FALSE
SdMmcHcReset: reset done with Time out
InstallProtocolInterface: 716EF0D9-FF83-4F69-81E9-518BD39A8E70 CF483C30
SdMmcPciHcDriverBindingStart: Success End on CF7E3718
InstallProtocolInterface: 2145F72F-E6F1-4440-A828-59DC9AAB5F89 CF47E018
InstallProtocolInterface: 430AC2F7-EEC6-4093-94F7-9F825A7C1C40 CF483298
PROGRESS CODE: V02020000 I0
 BlockSize : 512 
 LastBlock : 1CA3FFF 
 BlockSize : 512 
 LastBlock : F 
 BlockSize : 512 
 LastBlock : 1CA3FFF 
 BlockSize : 512 
 LastBlock : 14ABFFF 
 BlockSize : 512 
 LastBlock : 7F6801 
 BlockSize : 512 
 LastBlock : 7F67FF 
PROGRESS CODE: V02080000 I0
PROGRESS CODE: V02080003 I0
SataControllerStart START
SataControllerStart error return status = Already started
PROGRESS CODE: V02070000 I0
PROGRESS CODE: V02070003 I0
 BlockSize : 512 
 LastBlock : 1DD40AF 
 BlockSize : 512 
 LastBlock : 1DD0718 
PROGRESS CODE: V02020000 I0
UsbBusRecursivelyConnectWantedUsbIo: TPL before connect is 4
UsbBusRecursivelyConnectWantedUsbIo: TPL after connect is 4
PROGRESS CODE: V02020000 I0
UsbBusRecursivelyConnectWantedUsbIo: TPL before connect is 4
UsbBusRecursivelyConnectWantedUsbIo: TPL after connect is 4
InstallProtocolInterface: 2145F72F-E6F1-4440-A828-59DC9AAB5F89 CF47D018
InstallProtocolInterface: 430AC2F7-EEC6-4093-94F7-9F825A7C1C40 CF499818

F2 or Down      to enter Boot Manager Menu.
ENTER           to boot directly.

[Bds]OsIndication: 0000000000000000
[Bds]=============Begin Load Options Dumping ...=============
  Driver Options:
  SysPrep Options:
  Boot Options:
    Boot0000: UiApp 		 0x0109
    Boot0001: UEFI SanDisk Ultra USB 3.0 4C530001240308111590 		 0x0001
    Boot0002: UEFI SanDisk Ultra USB 3.0 4C530001010308112213 		 0x0001
    Boot0003: UEFI SATA SSD A1AE076419DF00167089 		 0x0001
    Boot0004: UEFI Shell 		 0x0001
  PlatformRecovery Options:
    PlatformRecovery0000: Default PlatformRecovery 		 0x0001
[Bds]=============End Load Options Dumping=============
[Bds]BdsWait ...Zzzzzzzzzzzz...
[Bds]BdsWait(3)..Zzzz...
[Bds]BdsWait(2)..Zzzz...
[Bds]BdsWait(1)..Zzzz...
[Bds]Exit the waiting!
PROGRESS CODE: V03051007 I0
[Bds]Stop Hotkey Service!
[Bds]UnregisterKeyNotify: 000C/0000 Success
[Bds]UnregisterKeyNotify: 0002/0000 Success
[Bds]UnregisterKeyNotify: 0000/000D Success
Enable SCI bit at 0x804 before boot
PROGRESS CODE: V03051001 I0
Memory  Previous  Current    Next   
 Type    Pages     Pages     Pages  
======  ========  ========  ========
  09    00000008  00000000  00000008
  0A    00000004  00000000  00000004
  00    00000004  00000001  00000004
  06    000000C0  00000029  000000C0
  05    00000080  0000001B  00000080
[Bds]Booting UEFI SanDisk Ultra USB 3.0 4C530001240308111590
 BlockSize : 512 
 LastBlock : 1CA3FFF 
 BlockSize : 512 
 LastBlock : F 
FatDiskIo: Cache Page OutBound occurred! 
FSOpen: Open '\EFI\BOOT\BOOTX64.EFI' Success
[Bds] Expand PciRoot(0x0)/Pci(0x10,0x0)/USB(0x3,0x0) -> PciRoot(0x0)/Pci(0x10,0x0)/USB(0x3,0x0)/CDROM(0x1,0x380ACC,0x4900)/\EFI\BOOT\BOOTX64.EFI
PROGRESS CODE: V03058000 I0
[Security] 3rd party image[0] can be loaded after EndOfDxe: PciRoot(0x0)/Pci(0x10,0x0)/USB(0x3,0x0)/CDROM(0x1,0x380ACC,0x4900)/\EFI\BOOT\BOOTX64.EFI.
InstallProtocolInterface: 5B1B31A1-9562-11D2-8E3F-00A0C969723B CF34B040
Loading driver at 0x000CF23E000 EntryPoint=0x000CF25C000 
InstallProtocolInterface: BC62157E-3E33-4FEC-9920-2D3B36D750DF CF34BE98
ProtectUefiImageCommon - 0xCF34B040
  - 0x00000000CF23E000 - 0x000000000010D000
PROGRESS CODE: V03058001 I0
FSOpen: Open '\EFI\BOOT\grubx64.efi' Success
